<?xml version="1.0" encoding="UTF-8"?>
<!-- Generated by org.testng.reporters.JUnitXMLReporter -->
<testsuite ignored="0" hostname="FCU-NBK500" failures="3" tests="4" name="Test-class test" time="128.928" errors="0" timestamp="2020-08-27T18:40:15 MESZ">
  <testcase classname="de.alain.TestNGParallel.TestParallelClassTwo" name="test_2" time="43.399">
    <failure type="java.lang.ArrayIndexOutOfBoundsException" message="Index 1 out of bounds for length 1">
      <![CDATA[java.lang.ArrayIndexOutOfBoundsException: Index 1 out of bounds for length 1
at de.alain.ProjektStatitikUndInformationen.ProjektStatistik.EndProjektMaskeNummer(ProjektStatistik.java:40)
at de.alain.ProjektStatitikUndInformationen.ProjektStatistik.AnzahlProjektProMaske(ProjektStatistik.java:61)
at de.alain.ProjektmaskeNavigationUndProjektmerkmaleHolen.ProjektMaskeNavigationUndProjektMerkmaleHolen.AnzahlProjektJeMaske(ProjektMaskeNavigationUndProjektMerkmaleHolen.java:88)
at de.alain.ProjektmaskeNavigationUndProjektmerkmaleHolen.ProjektMaskeNavigationUndProjektMerkmaleHolen.projektClick(ProjektMaskeNavigationUndProjektMerkmaleHolen.java:119)
at de.alain.ProjektmaskeNavigationUndProjektmerkmaleHolen.ProjektMaskeNavigationUndProjektMerkmaleHolen.ProjektmaskeAnklickeUndMaskeInformationenAssortieren(ProjektMaskeNavigationUndProjektMerkmaleHolen.java:53)
at de.alain.TestNGParallel.TestParallelClassTwo.test_2(TestParallelClassTwo.java:116)
at java.base/java.util.concurrent.ThreadPoolExecutor.runWorker(ThreadPoolExecutor.java:1128)
at java.base/java.util.concurrent.ThreadPoolExecutor$Worker.run(ThreadPoolExecutor.java:628)
at java.base/java.lang.Thread.run(Thread.java:834)
... Removed 12 stack frames]]>
    </failure>
  </testcase> <!-- test_2 -->
  <testcase classname="de.alain.TestNGParallel.TestParallelClassOne" name="test_1" time="45.058">
    <failure type="java.lang.NullPointerException">
      <![CDATA[java.lang.NullPointerException
at de.alain.ProjektmaskeNavigationUndProjektmerkmaleHolen.ProjektMaskeNavigationUndProjektMerkmaleHolen.listProjektInformationen(ProjektMaskeNavigationUndProjektMerkmaleHolen.java:183)
at de.alain.ProjektmaskeNavigationUndProjektmerkmaleHolen.ProjektMaskeNavigationUndProjektMerkmaleHolen.ProjektmaskeAnklickeUndMaskeInformationenAssortieren(ProjektMaskeNavigationUndProjektMerkmaleHolen.java:75)
at de.alain.TestNGParallel.TestParallelClassOne.test_1(TestParallelClassOne.java:134)
at java.base/java.util.concurrent.ThreadPoolExecutor.runWorker(ThreadPoolExecutor.java:1128)
at java.base/java.util.concurrent.ThreadPoolExecutor$Worker.run(ThreadPoolExecutor.java:628)
at java.base/java.lang.Thread.run(Thread.java:834)
... Removed 12 stack frames]]>
    </failure>
  </testcase> <!-- test_1 -->
  <testcase classname="de.alain.TestNGParallel.TestParallelClassTwo" name="test_2" time="2.653">
    <failure type="java.lang.ArrayIndexOutOfBoundsException" message="Index 1 out of bounds for length 1">
      <![CDATA[java.lang.ArrayIndexOutOfBoundsException: Index 1 out of bounds for length 1
at de.alain.ProjektStatitikUndInformationen.ProjektStatistik.EndProjektMaskeNummer(ProjektStatistik.java:40)
at de.alain.ProjektStatitikUndInformationen.ProjektStatistik.AnzahlDerGeneriertenMaskeJeProjektsuche(ProjektStatistik.java:69)
at de.alain.ProjektmaskeNavigationUndProjektmerkmaleHolen.ProjektMaskeNavigationUndProjektMerkmaleHolen.ProjektmaskeAnklickeUndMaskeInformationenAssortieren(ProjektMaskeNavigationUndProjektMerkmaleHolen.java:45)
at de.alain.TestNGParallel.TestParallelClassTwo.test_2(TestParallelClassTwo.java:116)
at java.base/java.util.concurrent.ThreadPoolExecutor.runWorker(ThreadPoolExecutor.java:1128)
at java.base/java.util.concurrent.ThreadPoolExecutor$Worker.run(ThreadPoolExecutor.java:628)
at java.base/java.lang.Thread.run(Thread.java:834)
... Removed 12 stack frames]]>
    </failure>
  </testcase> <!-- test_2 -->
  <testcase classname="de.alain.TestNGParallel.TestParallelClassOne" name="test_1" time="74.888"/>
</testsuite> <!-- Test-class test -->
