<?xml version="1.0" encoding="UTF-8"?>
<!-- Generated by org.testng.reporters.JUnitReportReporter -->
<testsuite hostname="FCU-NBK500" failures="0" tests="2" name="de.alain.TestNGParallel.TestParallelClassOne" time="43.955" errors="0" timestamp="2020-10-28T09:51:09 CET" skipped="0">
  <testcase classname="de.alain.TestNGParallel.TestParallelClassOne" name="test_1" time="13.538"/>
  <system-out>
Starting test is test_1 Test passed test_1  </system-out>
  <testcase classname="de.alain.TestNGParallel.TestParallelClassOne" name="test_1" time="30.417"/>
  <system-out>
Starting test is test_1 Test passed test_1  </system-out>
</testsuite> <!-- de.alain.TestNGParallel.TestParallelClassOne -->
