<?xml version="1.0" encoding="UTF-8"?>
<!-- Generated by org.testng.reporters.JUnitReportReporter -->
<testsuite hostname="FCU-NBK500" failures="0" tests="2" name="de.alain.TestNGParallel.TestParallelClassOne" time="188.714" errors="0" timestamp="2020-08-05T20:20:38 MESZ" skipped="0">
  <testcase classname="de.alain.TestNGParallel.TestParallelClassOne" name="test_1" time="61.050"/>
  <system-out/>
  <testcase classname="de.alain.TestNGParallel.TestParallelClassOne" name="test_1" time="127.664"/>
  <system-out/>
</testsuite> <!-- de.alain.TestNGParallel.TestParallelClassOne -->
