<?xml version="1.0" encoding="UTF-8"?>
<!-- Generated by org.testng.reporters.JUnitReportReporter -->
<testsuite hostname="FCU-NBK500" failures="0" tests="2" name="de.alain.TestNGParallel.TestParallelClassTwo" time="113.739" errors="0" timestamp="2020-09-11T14:38:55 CEST" skipped="0">
  <testcase classname="de.alain.TestNGParallel.TestParallelClassTwo" name="test_2" time="15.723"/>
  <system-out>
Starting test is test_2 Test passed test_2  </system-out>
  <testcase classname="de.alain.TestNGParallel.TestParallelClassTwo" name="test_2" time="98.016"/>
  <system-out>
Starting test is test_2 Test passed test_2  </system-out>
</testsuite> <!-- de.alain.TestNGParallel.TestParallelClassTwo -->
