<?xml version="1.0" encoding="UTF-8"?>
<!-- Generated by org.testng.reporters.JUnitReportReporter -->
<testsuite hostname="FCU-NBK500" failures="0" tests="2" name="de.alain.TestNGParallel.TestParallelClassOne" time="128.692" errors="1" timestamp="2020-08-27T18:40:15 MESZ" skipped="0">
  <testcase classname="de.alain.TestNGParallel.TestParallelClassOne" name="test_1" time="83.634"/>
  <system-out/>
  <testcase classname="de.alain.TestNGParallel.TestParallelClassOne" name="test_1" time="45.058">
    <error type="java.lang.NullPointerException">
      <![CDATA[java.lang.NullPointerException
at de.alain.ProjektmaskeNavigationUndProjektmerkmaleHolen.ProjektMaskeNavigationUndProjektMerkmaleHolen.listProjektInformationen(ProjektMaskeNavigationUndProjektMerkmaleHolen.java:183)
at de.alain.ProjektmaskeNavigationUndProjektmerkmaleHolen.ProjektMaskeNavigationUndProjektMerkmaleHolen.ProjektmaskeAnklickeUndMaskeInformationenAssortieren(ProjektMaskeNavigationUndProjektMerkmaleHolen.java:75)
at de.alain.TestNGParallel.TestParallelClassOne.test_1(TestParallelClassOne.java:134)
at java.base/jdk.internal.reflect.NativeMethodAccessorImpl.invoke0(Native Method)
at java.base/jdk.internal.reflect.NativeMethodAccessorImpl.invoke(NativeMethodAccessorImpl.java:62)
at java.base/jdk.internal.reflect.DelegatingMethodAccessorImpl.invoke(DelegatingMethodAccessorImpl.java:43)
at java.base/java.lang.reflect.Method.invoke(Method.java:566)
at org.testng.internal.MethodInvocationHelper.invokeMethod(MethodInvocationHelper.java:135)
at org.testng.internal.TestInvoker.invokeMethod(TestInvoker.java:598)
at org.testng.internal.TestInvoker.invokeTestMethod(TestInvoker.java:174)
at org.testng.internal.MethodRunner.runInSequence(MethodRunner.java:46)
at org.testng.internal.TestInvoker$MethodInvocationAgent.invoke(TestInvoker.java:821)
at org.testng.internal.TestInvoker.invokeTestMethods(TestInvoker.java:147)
at org.testng.internal.TestMethodWorker.invokeTestMethods(TestMethodWorker.java:146)
at org.testng.internal.TestMethodWorker.run(TestMethodWorker.java:128)
at java.base/java.util.concurrent.ThreadPoolExecutor.runWorker(ThreadPoolExecutor.java:1128)
at java.base/java.util.concurrent.ThreadPoolExecutor$Worker.run(ThreadPoolExecutor.java:628)
at java.base/java.lang.Thread.run(Thread.java:834)
]]>
    </error>
  </testcase> <!-- test_1 -->
  <system-out/>
</testsuite> <!-- de.alain.TestNGParallel.TestParallelClassOne -->
