<?xml version="1.0" encoding="UTF-8"?>
<!-- Generated by org.testng.reporters.JUnitReportReporter -->
<testsuite hostname="FCU-NBK500" failures="0" tests="2" name="de.alain.TestNGParallel.TestParallelClassTwo" time="135.594" errors="0" timestamp="2020-11-01T23:04:37 CET" skipped="0">
  <testcase classname="de.alain.TestNGParallel.TestParallelClassTwo" name="test_2" time="12.702"/>
  <system-out>
Starting test is test_2 Test passed test_2  </system-out>
  <testcase classname="de.alain.TestNGParallel.TestParallelClassTwo" name="test_2" time="122.892"/>
  <system-out>
Starting test is test_2 Test passed test_2  </system-out>
</testsuite> <!-- de.alain.TestNGParallel.TestParallelClassTwo -->
